Línea 30: la clase Indexador.lvButtons_H del control cmdGuardarParticula no era una clase de control cargada.
Línea 55: la clase Indexador.lvButtons_H del control cmdDesaparecer no era una clase de control cargada.
Línea 80: la clase Indexador.lvButtons_H del control cmdNuevaParticula no era una clase de control cargada.
Línea 105: la clase Indexador.lvButtons_H del control cmdVistaPrevia no era una clase de control cargada.
Línea 179: la clase Indexador.lvButtons_H del control cmdClear no era una clase de control cargada.
Línea 204: la clase Indexador.lvButtons_H del control cmdDelete no era una clase de control cargada.
Línea 229: la clase Indexador.lvButtons_H del control cmdAdd no era una clase de control cargada.
Línea 1124: la clase Indexador.lvButtons_H del control LvBReferenciaPersonaje no era una clase de control cargada.
Línea 36: el nombre de la propiedad _ExtentX de cmdGuardarParticula no es válido.
Línea 37: el nombre de la propiedad _ExtentY de cmdGuardarParticula no es válido.
Línea 38: el nombre de la propiedad Caption de cmdGuardarParticula no es válido.
Línea 39: el nombre de la propiedad CapAlign de cmdGuardarParticula no es válido.
Línea 40: el nombre de la propiedad BackStyle de cmdGuardarParticula no es válido.
Línea 50: el nombre de la propiedad cGradient de cmdGuardarParticula no es válido.
Línea 51: el nombre de la propiedad Mode de cmdGuardarParticula no es válido.
Línea 52: el nombre de la propiedad Value de cmdGuardarParticula no es válido.
Línea 53: el nombre de la propiedad cBack de cmdGuardarParticula no es válido.
Línea 61: el nombre de la propiedad _ExtentX de cmdDesaparecer no es válido.
Línea 62: el nombre de la propiedad _ExtentY de cmdDesaparecer no es válido.
Línea 63: el nombre de la propiedad Caption de cmdDesaparecer no es válido.
Línea 64: el nombre de la propiedad CapAlign de cmdDesaparecer no es válido.
Línea 65: el nombre de la propiedad BackStyle de cmdDesaparecer no es válido.
Línea 75: el nombre de la propiedad cGradient de cmdDesaparecer no es válido.
Línea 76: el nombre de la propiedad Mode de cmdDesaparecer no es válido.
Línea 77: el nombre de la propiedad Value de cmdDesaparecer no es válido.
Línea 78: el nombre de la propiedad cBack de cmdDesaparecer no es válido.
Línea 86: el nombre de la propiedad _ExtentX de cmdNuevaParticula no es válido.
Línea 87: el nombre de la propiedad _ExtentY de cmdNuevaParticula no es válido.
Línea 88: el nombre de la propiedad Caption de cmdNuevaParticula no es válido.
Línea 89: el nombre de la propiedad CapAlign de cmdNuevaParticula no es válido.
Línea 90: el nombre de la propiedad BackStyle de cmdNuevaParticula no es válido.
Línea 100: el nombre de la propiedad cGradient de cmdNuevaParticula no es válido.
Línea 101: el nombre de la propiedad Mode de cmdNuevaParticula no es válido.
Línea 102: el nombre de la propiedad Value de cmdNuevaParticula no es válido.
Línea 103: el nombre de la propiedad cBack de cmdNuevaParticula no es válido.
Línea 111: el nombre de la propiedad _ExtentX de cmdVistaPrevia no es válido.
Línea 112: el nombre de la propiedad _ExtentY de cmdVistaPrevia no es válido.
Línea 113: el nombre de la propiedad Caption de cmdVistaPrevia no es válido.
Línea 114: el nombre de la propiedad CapAlign de cmdVistaPrevia no es válido.
Línea 115: el nombre de la propiedad BackStyle de cmdVistaPrevia no es válido.
Línea 125: el nombre de la propiedad cGradient de cmdVistaPrevia no es válido.
Línea 126: el nombre de la propiedad Mode de cmdVistaPrevia no es válido.
Línea 127: el nombre de la propiedad Value de cmdVistaPrevia no es válido.
Línea 128: el nombre de la propiedad cBack de cmdVistaPrevia no es válido.
Línea 185: el nombre de la propiedad _ExtentX de cmdClear no es válido.
Línea 186: el nombre de la propiedad _ExtentY de cmdClear no es válido.
Línea 187: el nombre de la propiedad Caption de cmdClear no es válido.
Línea 188: el nombre de la propiedad CapAlign de cmdClear no es válido.
Línea 189: el nombre de la propiedad BackStyle de cmdClear no es válido.
Línea 199: el nombre de la propiedad cGradient de cmdClear no es válido.
Línea 200: el nombre de la propiedad Mode de cmdClear no es válido.
Línea 201: el nombre de la propiedad Value de cmdClear no es válido.
Línea 202: el nombre de la propiedad cBack de cmdClear no es válido.
Línea 210: el nombre de la propiedad _ExtentX de cmdDelete no es válido.
Línea 211: el nombre de la propiedad _ExtentY de cmdDelete no es válido.
Línea 212: el nombre de la propiedad Caption de cmdDelete no es válido.
Línea 213: el nombre de la propiedad CapAlign de cmdDelete no es válido.
Línea 214: el nombre de la propiedad BackStyle de cmdDelete no es válido.
Línea 224: el nombre de la propiedad cGradient de cmdDelete no es válido.
Línea 225: el nombre de la propiedad Mode de cmdDelete no es válido.
Línea 226: el nombre de la propiedad Value de cmdDelete no es válido.
Línea 227: el nombre de la propiedad cBack de cmdDelete no es válido.
Línea 235: el nombre de la propiedad _ExtentX de cmdAdd no es válido.
Línea 236: el nombre de la propiedad _ExtentY de cmdAdd no es válido.
Línea 237: el nombre de la propiedad Caption de cmdAdd no es válido.
Línea 238: el nombre de la propiedad CapAlign de cmdAdd no es válido.
Línea 239: el nombre de la propiedad BackStyle de cmdAdd no es válido.
Línea 249: el nombre de la propiedad cGradient de cmdAdd no es válido.
Línea 250: el nombre de la propiedad Mode de cmdAdd no es válido.
Línea 251: el nombre de la propiedad Value de cmdAdd no es válido.
Línea 252: el nombre de la propiedad cBack de cmdAdd no es válido.
Línea 1130: el nombre de la propiedad _ExtentX de LvBReferenciaPersonaje no es válido.
Línea 1131: el nombre de la propiedad _ExtentY de LvBReferenciaPersonaje no es válido.
Línea 1132: el nombre de la propiedad Caption de LvBReferenciaPersonaje no es válido.
Línea 1133: el nombre de la propiedad CapAlign de LvBReferenciaPersonaje no es válido.
Línea 1134: el nombre de la propiedad BackStyle de LvBReferenciaPersonaje no es válido.
Línea 1144: el nombre de la propiedad cGradient de LvBReferenciaPersonaje no es válido.
Línea 1145: el nombre de la propiedad Mode de LvBReferenciaPersonaje no es válido.
Línea 1146: el nombre de la propiedad Value de LvBReferenciaPersonaje no es válido.
Línea 1147: el nombre de la propiedad cBack de LvBReferenciaPersonaje no es válido.
